{"name":"webapp","hostname":"Vaibhavs-MacBook-Pro.local","pid":43638,"level":30,"msg":"Server Started on port 5000","time":"2020-07-22T00:55:32.713Z","v":0}
{"name":"webapp","hostname":"Vaibhavs-MacBook-Pro.local","pid":43638,"level":30,"msg":"homeroute","time":"2020-07-22T00:55:38.493Z","v":0}
{"name":"webapp","hostname":"Vaibhavs-MacBook-Pro.local","pid":43638,"level":30,"msg":"homeroute","time":"2020-07-22T00:57:14.665Z","v":0}
{"name":"webapp","hostname":"Vaibhavs-MacBook-Pro.local","pid":43638,"level":30,"msg":"homeroute","time":"2020-07-22T00:57:25.737Z","v":0}
{"name":"webapp","hostname":"Vaibhavs-MacBook-Pro.local","pid":43638,"level":30,"msg":"homeroute","time":"2020-07-22T00:57:38.839Z","v":0}
{"name":"webapp","hostname":"Vaibhavs-MacBook-Pro.local","pid":43822,"level":30,"msg":"Server Started on port 5000","time":"2020-07-22T01:01:54.877Z","v":0}
{"name":"webapp","hostname":"Vaibhavs-MacBook-Pro.local","pid":43822,"level":30,"msg":"homeroute","time":"2020-07-22T01:01:57.064Z","v":0}
{"name":"webapp","hostname":"Vaibhavs-MacBook-Pro.local","pid":43822,"level":30,"msg":"forgetpassword get route","time":"2020-07-22T01:02:00.404Z","v":0}
{"name":"webapp","hostname":"Vaibhavs-MacBook-Pro.local","pid":43822,"level":30,"msg":"forgetpassword get route","time":"2020-07-22T01:02:20.306Z","v":0}
{"name":"webapp","hostname":"Vaibhavs-MacBook-Pro.local","pid":44511,"level":30,"msg":"Server Started on port 5000","time":"2020-07-22T02:42:15.345Z","v":0}
{"name":"webapp","hostname":"Vaibhavs-MacBook-Pro.local","pid":44511,"level":30,"msg":"homeroute","time":"2020-07-22T02:42:21.408Z","v":0}
{"name":"webapp","hostname":"Vaibhavs-MacBook-Pro.local","pid":44511,"level":30,"msg":"forgetpassword get route","time":"2020-07-22T02:42:23.593Z","v":0}
{"name":"webapp","hostname":"Vaibhavs-MacBook-Pro.local","pid":44511,"level":30,"msg":"forgetpassword Post route","time":"2020-07-22T02:42:30.811Z","v":0}
{"name":"webapp","hostname":"Vaibhavs-MacBook-Pro.local","pid":44511,"level":30,"msg":"forgetpassword get route","time":"2020-07-22T02:42:39.360Z","v":0}
{"name":"webapp","hostname":"Vaibhavs-MacBook-Pro.local","pid":44511,"level":30,"msg":"homeroute","time":"2020-07-22T02:42:41.029Z","v":0}
{"name":"webapp","hostname":"Vaibhavs-MacBook-Pro.local","pid":44511,"level":30,"msg":"registrationroute","time":"2020-07-22T02:42:43.697Z","v":0}
{"name":"webapp","hostname":"Vaibhavs-MacBook-Pro.local","pid":44511,"level":30,"msg":"in User registration route","time":"2020-07-22T02:42:51.617Z","v":0}
{"name":"webapp","hostname":"Vaibhavs-MacBook-Pro.local","pid":44511,"level":30,"msg":"forgetpassword get route","time":"2020-07-22T02:42:53.657Z","v":0}
{"name":"webapp","hostname":"Vaibhavs-MacBook-Pro.local","pid":44511,"level":30,"msg":"forgetpassword Post route","time":"2020-07-22T02:42:57.127Z","v":0}
{"name":"webapp","hostname":"Vaibhavs-MacBook-Pro.local","pid":44511,"level":30,"msg":"forgetpassword Post route","time":"2020-07-22T02:43:03.314Z","v":0}
{"name":"webapp","hostname":"Vaibhavs-MacBook-Pro.local","pid":44511,"level":30,"msg":"homeroute","time":"2020-07-22T02:43:05.975Z","v":0}
{"name":"webapp","hostname":"Vaibhavs-MacBook-Pro.local","pid":44511,"level":30,"msg":"forgetpassword get route","time":"2020-07-22T02:43:07.339Z","v":0}
{"name":"webapp","hostname":"Vaibhavs-MacBook-Pro.local","pid":44511,"level":30,"msg":"forgetpassword Post route","time":"2020-07-22T02:43:09.634Z","v":0}
